2025-09-04 15:15:36.821 INFO  c.k.katalon.core.main.TestSuiteExecutor  - START Test Suites/RegisterSignIN
2025-09-04 15:15:37.035 INFO  c.k.katalon.core.main.TestSuiteExecutor  - userFullName = Abinesh R
2025-09-04 15:15:37.037 INFO  c.k.katalon.core.main.TestSuiteExecutor  - projectName = Luma
2025-09-04 15:15:37.040 INFO  c.k.katalon.core.main.TestSuiteExecutor  - hostName = 10835442 - 10.235.155.132
2025-09-04 15:15:37.042 INFO  c.k.katalon.core.main.TestSuiteExecutor  - os = Windows 11 64bit
2025-09-04 15:15:37.042 INFO  c.k.katalon.core.main.TestSuiteExecutor  - hostAddress = 10.235.155.132
2025-09-04 15:15:37.044 INFO  c.k.katalon.core.main.TestSuiteExecutor  - katalonVersion = 10.3.1.0
2025-09-04 15:15:38.067 INFO  c.k.katalon.core.main.TestCaseExecutor   - --------------------
2025-09-04 15:15:38.067 INFO  c.k.katalon.core.main.TestCaseExecutor   - START Test Cases/SignIn
2025-09-04 15:15:38.260 INFO  c.k.katalon.core.main.TestCaseExecutor   - (Default) filepath = Include/Data Files/login_data.json
2025-09-04 15:15:38.067 INFO  c.k.katalon.core.main.TestCaseExecutor   - --------------------
2025-09-04 15:15:38.067 INFO  c.k.katalon.core.main.TestCaseExecutor   - START Test Cases/SignIn
2025-09-04 15:15:38.260 INFO  c.k.katalon.core.main.TestCaseExecutor   - (Default) filepath = Include/Data Files/login_data.json
2025-09-04 15:15:38.287 INFO  c.k.katalon.core.main.TestCaseExecutor   - (Default) section = loginPage
2025-09-04 15:15:38.963 INFO  c.k.k.core.webui.driver.DriverFactory    - Starting 'Chrome' driver
2025-09-04 15:15:39.089 INFO  c.k.k.core.webui.driver.DriverFactory    - Action delay is set to 0 milliseconds
Sep 04, 2025 3:15:46 PM org.openqa.selenium.devtools.CdpVersionFinder findNearestMatch
WARNING: Unable to find an exact match for CDP version 140, returning the closest version; found: 138; Please update to a Selenium version that supports CDP version 140
2025-09-04 15:15:47.542 INFO  c.k.k.core.webui.driver.DriverFactory    - sessionId = 5f8b73fb3ff62c17f1d5aa9241087c06
2025-09-04 15:15:47.544 INFO  c.k.k.core.webui.driver.DriverFactory    - browser = Chrome 140.0.7339.81
2025-09-04 15:15:47.546 INFO  c.k.k.core.webui.driver.DriverFactory    - platform = Windows 11
2025-09-04 15:15:47.546 INFO  c.k.k.core.webui.driver.DriverFactory    - seleniumVersion = 4.28.1
2025-09-04 15:15:47.570 INFO  c.k.k.core.webui.driver.DriverFactory    - proxyInformation = ProxyInformation { proxyOption=NO_PROXY, proxyServerType=HTTP, username=, password=********, proxyServerAddress=, proxyServerPort=0, executionList="", isApplyToDesiredCapabilities=true }
2025-09-04 15:15:54.789 DEBUG testcase.SignIn                          - 1: ExtentManager.initReport("LoginTestReport")
2025-09-04 15:15:56.841 DEBUG testcase.SignIn                          - 2: ExtentManager.createTest("Login Test")
2025-09-04 15:15:56.860 DEBUG testcase.SignIn                          - 3: ExtentManager.logPass("Navigating to the sign in page")
2025-09-04 15:15:56.899 DEBUG testcase.SignIn                          - 4: pages.HomePage.navigateToAccountPage()
2025-09-04 15:15:57.889 INFO  com.kms.katalon.core.util.KeywordUtil    - Hovering over: my account
2025-09-04 15:15:58.611 DEBUG com.kms.katalon.core.util.KeywordUtil    - ✓ my account has been hovered
2025-09-04 15:15:58.941 INFO  com.kms.katalon.core.util.KeywordUtil    - Clicking on: login button
2025-09-04 15:16:01.731 DEBUG com.kms.katalon.core.util.KeywordUtil    - ✓ login button has been clicked
2025-09-04 15:16:01.748 DEBUG testcase.SignIn                          - 5: ExtentManager.logPass("Navigated to the sign in page")
2025-09-04 15:16:01.756 DEBUG testcase.SignIn                          - 6: ExtentManager.logPass("Signing into the account")
2025-09-04 15:16:01.764 DEBUG testcase.SignIn                          - 7: loginFields = [["id":"input-email", "jsonKey":"email"], ["id":"input-password", "jsonKey":"password"]]
2025-09-04 15:16:01.772 DEBUG testcase.SignIn                          - 8: loginFields.each({ -> ... })
2025-09-04 15:16:02.278 INFO  com.kms.katalon.core.util.KeywordUtil    - Entering data into: email
2025-09-04 15:16:03.489 DEBUG com.kms.katalon.core.util.KeywordUtil    - ✓ email has been entered
2025-09-04 15:16:03.896 INFO  com.kms.katalon.core.util.KeywordUtil    - Entering data into: password
2025-09-04 15:16:04.819 DEBUG com.kms.katalon.core.util.KeywordUtil    - ✓ password has been entered
2025-09-04 15:16:04.827 DEBUG testcase.SignIn                          - 9: pages.LoginPage.clickOnLoginButton(findTestObject("Object Repository/LoginPage/Login_button"))
2025-09-04 15:16:05.206 INFO  com.kms.katalon.core.util.KeywordUtil    - Clicking on: Login button
2025-09-04 15:16:08.790 DEBUG com.kms.katalon.core.util.KeywordUtil    - ✓ Login button has been clicked
2025-09-04 15:16:08.795 DEBUG testcase.SignIn                          - 10: ExtentManager.logPass("Signed into the account")
2025-09-04 15:16:08.801 DEBUG testcase.SignIn                          - 11: ExtentManager.logPass("Verifying My Account")
2025-09-04 15:16:08.820 DEBUG testcase.SignIn                          - 12: pages.AccountPage.verifyMyAccount(findTestObject("Object Repository/AccountPage/my_Account_verification"), JsonFileReader.getJsonData(section, "verification_text", filepath))
2025-09-04 15:16:09.163 INFO  com.kms.katalon.core.util.KeywordUtil    - Verifying text for: Verify My account
2025-09-04 15:16:09.511 DEBUG com.kms.katalon.core.util.KeywordUtil    - ✓ Verify My account has been verified
2025-09-04 15:16:09.515 DEBUG testcase.SignIn                          - 13: ExtentManager.logPass("Verified My Account")
2025-09-04 15:16:10.083 INFO  c.k.katalon.core.main.TestCaseExecutor   - END Test Cases/SignIn
2025-09-04 15:16:10.160 INFO  c.k.katalon.core.main.TestSuiteExecutor  - --------------------
2025-09-04 15:16:10.160 INFO  c.k.katalon.core.main.TestSuiteExecutor  - END Test Suites/RegisterSignIN
2025-09-04 15:16:10.160 INFO  c.k.katalon.core.main.TestSuiteExecutor  - ====================
