2025-09-18 15:10:40.655 INFO  c.k.katalon.core.main.TestSuiteExecutor  - START Test Suites/API_AccessToken
2025-09-18 15:10:40.930 INFO  c.k.katalon.core.main.TestSuiteExecutor  - userFullName = Abinesh R
2025-09-18 15:10:40.932 INFO  c.k.katalon.core.main.TestSuiteExecutor  - projectName = Luma
2025-09-18 15:10:40.933 INFO  c.k.katalon.core.main.TestSuiteExecutor  - hostName = 10835442 - 10.235.154.124
2025-09-18 15:10:40.935 INFO  c.k.katalon.core.main.TestSuiteExecutor  - os = Windows 11 64bit
2025-09-18 15:10:40.935 INFO  c.k.katalon.core.main.TestSuiteExecutor  - hostAddress = 10.235.154.124
2025-09-18 15:10:40.937 INFO  c.k.katalon.core.main.TestSuiteExecutor  - katalonVersion = 10.3.1.0
2025-09-18 15:10:42.385 INFO  c.k.katalon.core.main.TestCaseExecutor   - --------------------
2025-09-18 15:10:42.385 INFO  c.k.katalon.core.main.TestCaseExecutor   - START Test Cases/API_Testing/api_getAccessToken
2025-09-18 15:10:42.526 INFO  c.k.katalon.core.main.TestCaseExecutor   - (Default) jsonFilePath = Include/Data Files/login_data.json
ℹ️ Skipping browser launch for API test case: api_getAccessToken
2025-09-18 15:10:43.242 DEBUG testcase.api_getAccessToken              - 1: payLoad = JsonOutput.toJson(JsonFileReader.getSectionData("postPayload", jsonFilePath))
2025-09-18 15:10:43.514 DEBUG testcase.api_getAccessToken              - 2: response = ApiKeywords.sendPost("login", payLoad)
2025-09-18 15:10:47.816 INFO  c.k.k.core.webservice.common.HarLogger   - HAR: C:\Users\10835442\Katalon Studio\Luma\Reports\20250918_151029\API_AccessToken\20250918_151029\requests\main\POST_Generic_0.har
2025-09-18 15:10:48.015 DEBUG testcase.api_getAccessToken              - 3: println(response)
200 2 KB
2025-09-18 15:10:48.028 DEBUG testcase.api_getAccessToken              - 4: parsedResponse = JsonSlurper().parseText(response.getResponseBodyContent())
2025-09-18 15:10:48.050 DEBUG testcase.api_getAccessToken              - 5: jwtToken = accessToken
2025-09-18 15:10:48.057 DEBUG testcase.api_getAccessToken              - 6: println("JWT Token: " + jwtToken)
JWT Token: eyJhbGciOiJIUzI1NiIsInR5cCI6IkpXVCJ9.eyJpZCI6MSwidXNlcm5hbWUiOiJlbWlseXMiLCJlbWFpbCI6ImVtaWx5LmpvaG5zb25AeC5kdW1teWpzb24uY29tIiwiZmlyc3ROYW1lIjoiRW1pbHkiLCJsYXN0TmFtZSI6IkpvaG5zb24iLCJnZW5kZXIiOiJmZW1hbGUiLCJpbWFnZSI6Imh0dHBzOi8vZHVtbXlqc29uLmNvbS9pY29uL2VtaWx5cy8xMjgiLCJpYXQiOjE3NTgxODg0NDksImV4cCI6MTc1ODE5MDI0OX0.DLmFfVhjYw1LLvTslkDHBCohcrM2O9LF2ujqAWm36EQ
2025-09-18 15:10:48.063 DEBUG testcase.api_getAccessToken              - 7: JsonFileReader.appendToJsonSection(jsonFilePath, "DummyJson", "accessToken", jwtToken)
PASSED
⚠️ Error while closing browser: Browser is not opened
Build info: version: '4.28.1', revision: '73f5ad48a2'
System info: os.name: 'Windows 11', os.arch: 'amd64', os.version: '10.0', java.version: '17.0.14'
Driver info: driver.version: unknown
2025-09-18 15:10:48.544 INFO  c.k.katalon.core.main.TestCaseExecutor   - END Test Cases/API_Testing/api_getAccessToken
2025-09-18 15:10:48.574 INFO  c.k.katalon.core.main.TestCaseExecutor   - --------------------
2025-09-18 15:10:48.575 INFO  c.k.katalon.core.main.TestCaseExecutor   - START Test Cases/API_Testing/api_currentUserDetail
2025-09-18 15:10:48.653 INFO  c.k.katalon.core.main.TestCaseExecutor   - (Default) jsonFilePath = Include/Data Files/login_data.json
ℹ️ Skipping browser launch for API test case: api_currentUserDetail
2025-09-18 15:10:49.039 DEBUG testcase.api_currentUserDetail           - 1: accessToken = JsonFileReader.getJsonData("DummyJson", "accessToken", jsonFilePath)
2025-09-18 15:10:49.054 DEBUG testcase.api_currentUserDetail           - 2: headers = ["Authorization":accessToken, "Content-Type":"application/json"]
2025-09-18 15:10:49.060 DEBUG testcase.api_currentUserDetail           - 3: response = ApiKeywords.sendGet("me", headers)
2025-09-18 15:10:49.472 INFO  c.k.k.core.webservice.common.HarLogger   - HAR: C:\Users\10835442\Katalon Studio\Luma\Reports\20250918_151029\API_AccessToken\20250918_151029\requests\main\GET_Generic_1.har
2025-09-18 15:10:49.480 DEBUG testcase.api_currentUserDetail           - 4: parsedResponse = JsonSlurper().parseText(response.getResponseBodyContent())
2025-09-18 15:10:49.484 DEBUG testcase.api_currentUserDetail           - 5: JsonFileReader.appendToJsonSection(jsonFilePath, "apiResonse", "firstName", firstName)
2025-09-18 15:10:49.498 DEBUG testcase.api_currentUserDetail           - 6: JsonFileReader.storeApiResponse("userData", response, jsonFilePath)
PASSED
⚠️ Error while closing browser: Browser is not opened
Build info: version: '4.28.1', revision: '73f5ad48a2'
System info: os.name: 'Windows 11', os.arch: 'amd64', os.version: '10.0', java.version: '17.0.14'
Driver info: driver.version: unknown
2025-09-18 15:10:49.625 INFO  c.k.katalon.core.main.TestCaseExecutor   - END Test Cases/API_Testing/api_currentUserDetail
2025-09-18 15:10:49.741 INFO  c.k.katalon.core.main.TestSuiteExecutor  - --------------------
2025-09-18 15:10:49.741 INFO  c.k.katalon.core.main.TestSuiteExecutor  - END Test Suites/API_AccessToken
2025-09-18 15:10:49.741 INFO  c.k.katalon.core.main.TestSuiteExecutor  - ====================
